# JRE version: OpenJDK Runtime Environment (11.0.10) (build 11.0.10+0-b96-7249189)
# Java VM: OpenJDK 64-Bit Server VM (11.0.10+0-b96-7249189, mixed mode, tiered, compressed oops, g1 gc, windows-amd64)
Heap:
 garbage-first heap   total 262144K, used 162729K [0x0000000080000000, 0x0000000100000000)
  region size 1024K, 66 young (67584K), 16 survivors (16384K)
 Metaspace       used 112889K, capacity 115624K, committed 115840K, reserved 1150976K
  class space    used 14126K, capacity 15163K, committed 15232K, reserved 1048576K
GC Heap History (20 events):
Event: 31.900 GC heap before
{Heap before GC invocations=13 (full 0):
 garbage-first heap   total 262144K, used 195754K [0x0000000080000000, 0x0000000100000000)
  region size 1024K, 140 young (143360K), 8 survivors (8192K)
 Metaspace       used 80152K, capacity 82110K, committed 82176K, reserved 1120256K
  class space    used 10331K, capacity 10997K, committed 11008K, reserved 1048576K
}
Event: 31.905 GC heap after
{Heap after GC invocations=14 (full 0):
 garbage-first heap   total 262144K, used 58922K [0x0000000080000000, 0x0000000100000000)
  region size 1024K, 6 young (6144K), 6 survivors (6144K)
 Metaspace       used 80152K, capacity 82110K, committed 82176K, reserved 1120256K
  class space    used 10331K, capacity 10997K, committed 11008K, reserved 1048576K
}
Event: 36.323 GC heap before
{Heap before GC invocations=14 (full 0):
 garbage-first heap   total 262144K, used 200234K [0x0000000080000000, 0x0000000100000000)
  region size 1024K, 145 young (148480K), 6 survivors (6144K)
 Metaspace       used 88751K, capacity 91069K, committed 91392K, reserved 1128448K
  class space    used 11376K, capacity 12186K, committed 12288K, reserved 1048576K
}
Event: 36.336 GC heap after
{Heap after GC invocations=15 (full 0):
 garbage-first heap   total 262144K, used 65504K [0x0000000080000000, 0x0000000100000000)
  region size 1024K, 13 young (13312K), 13 survivors (13312K)
 Metaspace       used 88751K, capacity 91069K, committed 91392K, reserved 1128448K
  class space    used 11376K, capacity 12186K, committed 12288K, reserved 1048576K
}
Event: 39.441 GC heap before
{Heap before GC invocations=15 (full 0):
 garbage-first heap   total 262144K, used 217056K [0x0000000080000000, 0x0000000100000000)
  region size 1024K, 151 young (154624K), 13 survivors (13312K)
 Metaspace       used 90848K, capacity 93092K, committed 93312K, reserved 1130496K
  class space    used 11566K, capacity 12387K, committed 12416K, reserved 1048576K
}
Event: 39.458 GC heap after
{Heap after GC invocations=16 (full 0):
 garbage-first heap   total 262144K, used 86623K [0x0000000080000000, 0x0000000100000000)
  region size 1024K, 19 young (19456K), 19 survivors (19456K)
 Metaspace       used 90848K, capacity 93092K, committed 93312K, reserved 1130496K
  class space    used 11566K, capacity 12387K, committed 12416K, reserved 1048576K
}
Event: 40.248 GC heap before
{Heap before GC invocations=16 (full 0):
 garbage-first heap   total 262144K, used 215647K [0x0000000080000000, 0x0000000100000000)
  region size 1024K, 131 young (134144K), 19 survivors (19456K)
 Metaspace       used 95805K, capacity 98238K, committed 98432K, reserved 1134592K
  class space    used 11956K, capacity 12820K, committed 12928K, reserved 1048576K
}
Event: 40.268 GC heap after
{Heap after GC invocations=17 (full 0):
 garbage-first heap   total 262144K, used 91648K [0x0000000080000000, 0x0000000100000000)
  region size 1024K, 5 young (5120K), 5 survivors (5120K)
 Metaspace       used 95805K, capacity 98238K, committed 98432K, reserved 1134592K
  class space    used 11956K, capacity 12820K, committed 12928K, reserved 1048576K
}
Event: 41.110 GC heap before
{Heap before GC invocations=17 (full 0):
 garbage-first heap   total 262144K, used 152064K [0x0000000080000000, 0x0000000100000000)
  region size 1024K, 66 young (67584K), 5 survivors (5120K)
 Metaspace       used 97949K, capacity 100305K, committed 100480K, reserved 1136640K
  class space    used 12216K, capacity 13059K, committed 13184K, reserved 1048576K
}
Event: 41.115 GC heap after
{Heap after GC invocations=18 (full 0):
 garbage-first heap   total 262144K, used 89768K [0x0000000080000000, 0x0000000100000000)
  region size 1024K, 3 young (3072K), 3 survivors (3072K)
 Metaspace       used 97949K, capacity 100305K, committed 100480K, reserved 1136640K
  class space    used 12216K, capacity 13059K, committed 13184K, reserved 1048576K
}
Event: 42.597 GC heap before
{Heap before GC invocations=19 (full 0):
 garbage-first heap   total 262144K, used 205480K [0x0000000080000000, 0x0000000100000000)
  region size 1024K, 118 young (120832K), 3 survivors (3072K)
 Metaspace       used 101313K, capacity 103705K, committed 103936K, reserved 1140736K
  class space    used 12600K, capacity 13477K, committed 13568K, reserved 1048576K
}
Event: 42.606 GC heap after
{Heap after GC invocations=20 (full 0):
 garbage-first heap   total 262144K, used 92160K [0x0000000080000000, 0x0000000100000000)
  region size 1024K, 6 young (6144K), 6 survivors (6144K)
 Metaspace       used 101313K, capacity 103705K, committed 103936K, reserved 1140736K
  class space    used 12600K, capacity 13477K, committed 13568K, reserved 1048576K
}
Event: 42.624 GC heap before
{Heap before GC invocations=20 (full 0):
 garbage-first heap   total 262144K, used 97280K [0x0000000080000000, 0x0000000100000000)
  region size 1024K, 12 young (12288K), 6 survivors (6144K)
 Metaspace       used 101344K, capacity 103707K, committed 103936K, reserved 1140736K
  class space    used 12602K, capacity 13478K, committed 13568K, reserved 1048576K
}
Event: 42.628 GC heap after
{Heap after GC invocations=21 (full 0):
 garbage-first heap   total 262144K, used 91837K [0x0000000080000000, 0x0000000100000000)
  region size 1024K, 2 young (2048K), 2 survivors (2048K)
 Metaspace       used 101344K, capacity 103707K, committed 103936K, reserved 1140736K
  class space    used 12602K, capacity 13478K, committed 13568K, reserved 1048576K
}
Event: 43.843 GC heap before
{Heap before GC invocations=21 (full 0):
 garbage-first heap   total 262144K, used 210621K [0x0000000080000000, 0x0000000100000000)
  region size 1024K, 117 young (119808K), 2 survivors (2048K)
 Metaspace       used 104278K, capacity 106788K, committed 106880K, reserved 1142784K
  class space    used 12980K, capacity 13892K, committed 13952K, reserved 1048576K
}
Event: 43.849 GC heap after
{Heap after GC invocations=22 (full 0):
 garbage-first heap   total 262144K, used 94056K [0x0000000080000000, 0x0000000100000000)
  region size 1024K, 4 young (4096K), 4 survivors (4096K)
 Metaspace       used 104278K, capacity 106788K, committed 106880K, reserved 1142784K
  class space    used 12980K, capacity 13892K, committed 13952K, reserved 1048576K
}
Event: 48.328 GC heap before
{Heap before GC invocations=23 (full 0):
 garbage-first heap   total 262144K, used 201576K [0x0000000080000000, 0x0000000100000000)
  region size 1024K, 120 young (122880K), 4 survivors (4096K)
 Metaspace       used 106744K, capacity 109326K, committed 109440K, reserved 1144832K
  class space    used 13201K, capacity 14132K, committed 14208K, reserved 1048576K
}
Event: 48.335 GC heap after
{Heap after GC invocations=24 (full 0):
 garbage-first heap   total 262144K, used 93778K [0x0000000080000000, 0x0000000100000000)
  region size 1024K, 13 young (13312K), 13 survivors (13312K)
 Metaspace       used 106744K, capacity 109326K, committed 109440K, reserved 1144832K
  class space    used 13201K, capacity 14132K, committed 14208K, reserved 1048576K
}
Event: 49.013 GC heap before
{Heap before GC invocations=24 (full 0):
 garbage-first heap   total 262144K, used 209490K [0x0000000080000000, 0x0000000100000000)
  region size 1024K, 127 young (130048K), 13 survivors (13312K)
 Metaspace       used 110560K, capacity 113155K, committed 113280K, reserved 1148928K
  class space    used 13731K, capacity 14705K, committed 14720K, reserved 1048576K
}
Event: 49.036 GC heap after
{Heap after GC invocations=25 (full 0):
 garbage-first heap   total 262144K, used 112553K [0x0000000080000000, 0x0000000100000000)
  region size 1024K, 16 young (16384K), 16 survivors (16384K)
 Metaspace       used 110560K, capacity 113155K, committed 113280K, reserved 1148928K
  class space    used 13731K, capacity 14705K, committed 14720K, reserved 1048576K
}

